{"/Users/tashakim/win25-Team26/frontend/app/_layout.tsx": {"path":"/Users/tashakim/win25-Team26/frontend/app/_layout.tsx","statementMap":{"0":{"start":{"line":4,"column":2},"end":{"line":4,"column":20}}},"fnMap":{"0":{"name":"RootLayout","decl":{"start":{"line":3,"column":24},"end":{"line":3,"column":34}},"loc":{"start":{"line":3,"column":37},"end":{"line":5,"column":1}},"line":3}},"branchMap":{},"s":{"0":0},"f":{"0":0},"b":{}}
,"/Users/tashakim/win25-Team26/frontend/app/create_simulation.tsx": {"path":"/Users/tashakim/win25-Team26/frontend/app/create_simulation.tsx","statementMap":{"0":{"start":{"line":14,"column":44},"end":{"line":14,"column":59}},"1":{"start":{"line":15,"column":42},"end":{"line":15,"column":58}},"2":{"start":{"line":16,"column":44},"end":{"line":16,"column":59}},"3":{"start":{"line":17,"column":44},"end":{"line":17,"column":56}},"4":{"start":{"line":18,"column":52},"end":{"line":18,"column":64}},"5":{"start":{"line":19,"column":46},"end":{"line":19,"column":58}},"6":{"start":{"line":20,"column":40},"end":{"line":20,"column":76}},"7":{"start":{"line":21,"column":46},"end":{"line":21,"column":58}},"8":{"start":{"line":22,"column":38},"end":{"line":22,"column":50}},"9":{"start":{"line":23,"column":30},"end":{"line":23,"column":62}},"10":{"start":{"line":25,"column":17},"end":{"line":25,"column":28}},"11":{"start":{"line":27,"column":29},"end":{"line":30,"column":3}},"12":{"start":{"line":28,"column":16},"end":{"line":28,"column":26}},"13":{"start":{"line":29,"column":4},"end":{"line":29,"column":64}},"14":{"start":{"line":32,"column":2},"end":{"line":34,"column":22}},"15":{"start":{"line":33,"column":4},"end":{"line":33,"column":67}},"16":{"start":{"line":36,"column":2},"end":{"line":38,"column":20}},"17":{"start":{"line":37,"column":4},"end":{"line":37,"column":38}},"18":{"start":{"line":40,"column":25},"end":{"line":59,"column":3}},"19":{"start":{"line":41,"column":15},"end":{"line":56,"column":8}},"20":{"start":{"line":52,"column":18},"end":{"line":52,"column":22}},"21":{"start":{"line":54,"column":8},"end":{"line":54,"column":66}},"22":{"start":{"line":55,"column":8},"end":{"line":55,"column":21}},"23":{"start":{"line":58,"column":4},"end":{"line":58,"column":47}},"24":{"start":{"line":58,"column":14},"end":{"line":58,"column":47}},"25":{"start":{"line":61,"column":2},"end":{"line":66,"column":41}},"26":{"start":{"line":62,"column":4},"end":{"line":65,"column":5}},"27":{"start":{"line":63,"column":6},"end":{"line":63,"column":23}},"28":{"start":{"line":64,"column":6},"end":{"line":64,"column":53}},"29":{"start":{"line":69,"column":2},"end":{"line":186,"column":4}},"30":{"start":{"line":96,"column":10},"end":{"line":96,"column":50}},"31":{"start":{"line":97,"column":10},"end":{"line":97,"column":33}},"32":{"start":{"line":101,"column":10},"end":{"line":110,"column":11}},"33":{"start":{"line":102,"column":12},"end":{"line":102,"column":43}},"34":{"start":{"line":103,"column":12},"end":{"line":103,"column":65}},"35":{"start":{"line":104,"column":12},"end":{"line":104,"column":34}},"36":{"start":{"line":105,"column":12},"end":{"line":105,"column":24}},"37":{"start":{"line":107,"column":12},"end":{"line":107,"column":66}},"38":{"start":{"line":108,"column":12},"end":{"line":108,"column":66}},"39":{"start":{"line":109,"column":12},"end":{"line":109,"column":25}},"40":{"start":{"line":128,"column":10},"end":{"line":134,"column":11}},"41":{"start":{"line":129,"column":12},"end":{"line":129,"column":30}},"42":{"start":{"line":130,"column":12},"end":{"line":130,"column":24}},"43":{"start":{"line":132,"column":12},"end":{"line":132,"column":61}},"44":{"start":{"line":133,"column":12},"end":{"line":133,"column":25}},"45":{"start":{"line":150,"column":16},"end":{"line":150,"column":59}},"46":{"start":{"line":173,"column":10},"end":{"line":176,"column":11}},"47":{"start":{"line":174,"column":12},"end":{"line":174,"column":84}},"48":{"start":{"line":175,"column":12},"end":{"line":175,"column":19}},"49":{"start":{"line":177,"column":10},"end":{"line":177,"column":33}},"50":{"start":{"line":189,"column":15},"end":{"line":220,"column":2}}},"fnMap":{"0":{"name":"SimulationCreation","decl":{"start":{"line":13,"column":24},"end":{"line":13,"column":42}},"loc":{"start":{"line":13,"column":45},"end":{"line":187,"column":1}},"line":13},"1":{"name":"(anonymous_1)","decl":{"start":{"line":27,"column":29},"end":{"line":27,"column":30}},"loc":{"start":{"line":27,"column":35},"end":{"line":30,"column":3}},"line":27},"2":{"name":"(anonymous_2)","decl":{"start":{"line":32,"column":12},"end":{"line":32,"column":13}},"loc":{"start":{"line":32,"column":18},"end":{"line":34,"column":3}},"line":32},"3":{"name":"(anonymous_3)","decl":{"start":{"line":36,"column":12},"end":{"line":36,"column":13}},"loc":{"start":{"line":36,"column":18},"end":{"line":38,"column":3}},"line":36},"4":{"name":"(anonymous_4)","decl":{"start":{"line":40,"column":25},"end":{"line":40,"column":26}},"loc":{"start":{"line":40,"column":37},"end":{"line":59,"column":3}},"line":40},"5":{"name":"(anonymous_5)","decl":{"start":{"line":52,"column":12},"end":{"line":52,"column":13}},"loc":{"start":{"line":52,"column":18},"end":{"line":52,"column":22}},"line":52},"6":{"name":"(anonymous_6)","decl":{"start":{"line":53,"column":13},"end":{"line":53,"column":14}},"loc":{"start":{"line":53,"column":20},"end":{"line":56,"column":7}},"line":53},"7":{"name":"(anonymous_7)","decl":{"start":{"line":61,"column":12},"end":{"line":61,"column":13}},"loc":{"start":{"line":61,"column":18},"end":{"line":66,"column":3}},"line":61},"8":{"name":"(anonymous_8)","decl":{"start":{"line":95,"column":26},"end":{"line":95,"column":27}},"loc":{"start":{"line":95,"column":40},"end":{"line":98,"column":9}},"line":95},"9":{"name":"(anonymous_9)","decl":{"start":{"line":99,"column":22},"end":{"line":99,"column":23}},"loc":{"start":{"line":99,"column":36},"end":{"line":111,"column":9}},"line":99},"10":{"name":"(anonymous_10)","decl":{"start":{"line":126,"column":26},"end":{"line":126,"column":27}},"loc":{"start":{"line":126,"column":32},"end":{"line":126,"column":34}},"line":126},"11":{"name":"(anonymous_11)","decl":{"start":{"line":127,"column":22},"end":{"line":127,"column":23}},"loc":{"start":{"line":127,"column":36},"end":{"line":135,"column":9}},"line":127},"12":{"name":"(anonymous_12)","decl":{"start":{"line":149,"column":24},"end":{"line":149,"column":25}},"loc":{"start":{"line":149,"column":36},"end":{"line":151,"column":15}},"line":149},"13":{"name":"(anonymous_13)","decl":{"start":{"line":172,"column":17},"end":{"line":172,"column":18}},"loc":{"start":{"line":172,"column":23},"end":{"line":178,"column":9}},"line":172}},"branchMap":{"0":{"loc":{"start":{"line":58,"column":4},"end":{"line":58,"column":47}},"type":"if","locations":[{"start":{"line":58,"column":4},"end":{"line":58,"column":47}},{"start":{},"end":{}}],"line":58},"1":{"loc":{"start":{"line":62,"column":4},"end":{"line":65,"column":5}},"type":"if","locations":[{"start":{"line":62,"column":4},"end":{"line":65,"column":5}},{"start":{},"end":{}}],"line":62},"2":{"loc":{"start":{"line":62,"column":8},"end":{"line":62,"column":53}},"type":"binary-expr","locations":[{"start":{"line":62,"column":8},"end":{"line":62,"column":21}},{"start":{"line":62,"column":25},"end":{"line":62,"column":53}}],"line":62},"3":{"loc":{"start":{"line":101,"column":10},"end":{"line":110,"column":11}},"type":"if","locations":[{"start":{"line":101,"column":10},"end":{"line":110,"column":11}},{"start":{"line":106,"column":17},"end":{"line":110,"column":11}}],"line":101},"4":{"loc":{"start":{"line":117,"column":7},"end":{"line":117,"column":90}},"type":"binary-expr","locations":[{"start":{"line":117,"column":7},"end":{"line":117,"column":32}},{"start":{"line":117,"column":36},"end":{"line":117,"column":90}}],"line":117},"5":{"loc":{"start":{"line":128,"column":10},"end":{"line":134,"column":11}},"type":"if","locations":[{"start":{"line":128,"column":10},"end":{"line":134,"column":11}},{"start":{"line":131,"column":17},"end":{"line":134,"column":11}}],"line":128},"6":{"loc":{"start":{"line":141,"column":7},"end":{"line":141,"column":82}},"type":"binary-expr","locations":[{"start":{"line":141,"column":7},"end":{"line":141,"column":28}},{"start":{"line":141,"column":32},"end":{"line":141,"column":82}}],"line":141},"7":{"loc":{"start":{"line":173,"column":10},"end":{"line":176,"column":11}},"type":"if","locations":[{"start":{"line":173,"column":10},"end":{"line":176,"column":11}},{"start":{},"end":{}}],"line":173},"8":{"loc":{"start":{"line":173,"column":14},"end":{"line":173,"column":70}},"type":"binary-expr","locations":[{"start":{"line":173,"column":14},"end":{"line":173,"column":38}},{"start":{"line":173,"column":42},"end":{"line":173,"column":70}}],"line":173},"9":{"loc":{"start":{"line":179,"column":39},"end":{"line":179,"column":122}},"type":"binary-expr","locations":[{"start":{"line":179,"column":40},"end":{"line":179,"column":64}},{"start":{"line":179,"column":68},"end":{"line":179,"column":96}},{"start":{"line":179,"column":101},"end":{"line":179,"column":122}}],"line":179},"10":{"loc":{"start":{"line":180,"column":18},"end":{"line":180,"column":74}},"type":"binary-expr","locations":[{"start":{"line":180,"column":18},"end":{"line":180,"column":42}},{"start":{"line":180,"column":46},"end":{"line":180,"column":74}}],"line":180}},"s":{"0":0,"1":0,"2":0,"3":0,"4":0,"5":0,"6":0,"7":0,"8":0,"9":0,"10":0,"11":0,"12":0,"13":0,"14":0,"15":0,"16":0,"17":0,"18":0,"19":0,"20":0,"21":0,"22":0,"23":0,"24":0,"25":0,"26":0,"27":0,"28":0,"29":0,"30":0,"31":0,"32":0,"33":0,"34":0,"35":0,"36":0,"37":0,"38":0,"39":0,"40":0,"41":0,"42":0,"43":0,"44":0,"45":0,"46":0,"47":0,"48":0,"49":0,"50":0},"f":{"0":0,"1":0,"2":0,"3":0,"4":0,"5":0,"6":0,"7":0,"8":0,"9":0,"10":0,"11":0,"12":0,"13":0},"b":{"0":[0,0],"1":[0,0],"2":[0,0],"3":[0,0],"4":[0,0],"5":[0,0],"6":[0,0],"7":[0,0],"8":[0,0],"9":[0,0,0],"10":[0,0]}}
,"/Users/tashakim/win25-Team26/frontend/app/home.tsx": {"path":"/Users/tashakim/win25-Team26/frontend/app/home.tsx","statementMap":{"0":{"start":{"line":9,"column":31},"end":{"line":9,"column":60}},"1":{"start":{"line":10,"column":26},"end":{"line":10,"column":63}},"2":{"start":{"line":13,"column":2},"end":{"line":21,"column":8}},"3":{"start":{"line":14,"column":4},"end":{"line":20,"column":5}},"4":{"start":{"line":15,"column":6},"end":{"line":19,"column":8}},"5":{"start":{"line":16,"column":8},"end":{"line":16,"column":21}},"6":{"start":{"line":18,"column":8},"end":{"line":18,"column":31}},"7":{"start":{"line":24,"column":2},"end":{"line":89,"column":4}},"8":{"start":{"line":92,"column":15},"end":{"line":127,"column":2}}},"fnMap":{"0":{"name":"Home","decl":{"start":{"line":8,"column":24},"end":{"line":8,"column":28}},"loc":{"start":{"line":8,"column":31},"end":{"line":90,"column":1}},"line":8},"1":{"name":"(anonymous_1)","decl":{"start":{"line":13,"column":12},"end":{"line":13,"column":13}},"loc":{"start":{"line":13,"column":18},"end":{"line":21,"column":3}},"line":13},"2":{"name":"(anonymous_2)","decl":{"start":{"line":15,"column":44},"end":{"line":15,"column":45}},"loc":{"start":{"line":15,"column":54},"end":{"line":17,"column":7}},"line":15},"3":{"name":"(anonymous_3)","decl":{"start":{"line":17,"column":15},"end":{"line":17,"column":16}},"loc":{"start":{"line":17,"column":22},"end":{"line":19,"column":7}},"line":17}},"branchMap":{"0":{"loc":{"start":{"line":14,"column":4},"end":{"line":20,"column":5}},"type":"if","locations":[{"start":{"line":14,"column":4},"end":{"line":20,"column":5}},{"start":{},"end":{}}],"line":14},"1":{"loc":{"start":{"line":36,"column":26},"end":{"line":36,"column":47}},"type":"cond-expr","locations":[{"start":{"line":36,"column":33},"end":{"line":36,"column":42}},{"start":{"line":36,"column":45},"end":{"line":36,"column":47}}],"line":36},"2":{"loc":{"start":{"line":49,"column":35},"end":{"line":49,"column":53}},"type":"cond-expr","locations":[{"start":{"line":49,"column":46},"end":{"line":49,"column":48}},{"start":{"line":49,"column":51},"end":{"line":49,"column":53}}],"line":49},"3":{"loc":{"start":{"line":50,"column":5},"end":{"line":86,"column":9}},"type":"cond-expr","locations":[{"start":{"line":51,"column":4},"end":{"line":76,"column":9}},{"start":{"line":77,"column":6},"end":{"line":86,"column":9}}],"line":50}},"s":{"0":0,"1":0,"2":0,"3":0,"4":0,"5":0,"6":0,"7":0,"8":0},"f":{"0":0,"1":0,"2":0,"3":0},"b":{"0":[0,0],"1":[0,0],"2":[0,0],"3":[0,0]}}
,"/Users/tashakim/win25-Team26/frontend/app/index.tsx": {"path":"/Users/tashakim/win25-Team26/frontend/app/index.tsx","statementMap":{"0":{"start":{"line":4,"column":30},"end":{"line":4,"column":54}},"1":{"start":{"line":6,"column":2},"end":{"line":6,"column":45}},"2":{"start":{"line":6,"column":33},"end":{"line":6,"column":45}},"3":{"start":{"line":8,"column":2},"end":{"line":8,"column":36}}},"fnMap":{"0":{"name":"App","decl":{"start":{"line":3,"column":24},"end":{"line":3,"column":27}},"loc":{"start":{"line":3,"column":30},"end":{"line":9,"column":1}},"line":3}},"branchMap":{"0":{"loc":{"start":{"line":6,"column":2},"end":{"line":6,"column":45}},"type":"if","locations":[{"start":{"line":6,"column":2},"end":{"line":6,"column":45}},{"start":{},"end":{}}],"line":6}},"s":{"0":0,"1":0,"2":0,"3":0},"f":{"0":0},"b":{"0":[0,0]}}
,"/Users/tashakim/win25-Team26/frontend/app/login.tsx": {"path":"/Users/tashakim/win25-Team26/frontend/app/login.tsx","statementMap":{"0":{"start":{"line":14,"column":20},"end":{"line":182,"column":1}},"1":{"start":{"line":15,"column":28},"end":{"line":15,"column":40}},"2":{"start":{"line":16,"column":34},"end":{"line":16,"column":46}},"3":{"start":{"line":17,"column":26},"end":{"line":17,"column":38}},"4":{"start":{"line":18,"column":42},"end":{"line":18,"column":57}},"5":{"start":{"line":19,"column":28},"end":{"line":19,"column":40}},"6":{"start":{"line":20,"column":36},"end":{"line":20,"column":48}},"7":{"start":{"line":21,"column":38},"end":{"line":21,"column":50}},"8":{"start":{"line":22,"column":44},"end":{"line":22,"column":56}},"9":{"start":{"line":23,"column":58},"end":{"line":23,"column":70}},"10":{"start":{"line":24,"column":48},"end":{"line":24,"column":60}},"11":{"start":{"line":27,"column":34},"end":{"line":27,"column":57}},"12":{"start":{"line":29,"column":22},"end":{"line":41,"column":3}},"13":{"start":{"line":30,"column":4},"end":{"line":30,"column":17}},"14":{"start":{"line":31,"column":4},"end":{"line":39,"column":5}},"15":{"start":{"line":32,"column":8},"end":{"line":34,"column":47}},"16":{"start":{"line":33,"column":12},"end":{"line":33,"column":32}},"17":{"start":{"line":34,"column":28},"end":{"line":34,"column":46}},"18":{"start":{"line":35,"column":11},"end":{"line":39,"column":5}},"19":{"start":{"line":36,"column":8},"end":{"line":38,"column":47}},"20":{"start":{"line":37,"column":10},"end":{"line":37,"column":30}},"21":{"start":{"line":38,"column":28},"end":{"line":38,"column":46}},"22":{"start":{"line":40,"column":4},"end":{"line":40,"column":58}},"23":{"start":{"line":43,"column":22},"end":{"line":49,"column":3}},"24":{"start":{"line":44,"column":4},"end":{"line":44,"column":21}},"25":{"start":{"line":45,"column":4},"end":{"line":45,"column":24}},"26":{"start":{"line":46,"column":4},"end":{"line":46,"column":20}},"27":{"start":{"line":47,"column":4},"end":{"line":47,"column":16}},"28":{"start":{"line":48,"column":4},"end":{"line":48,"column":31}},"29":{"start":{"line":51,"column":22},"end":{"line":55,"column":3}},"30":{"start":{"line":52,"column":4},"end":{"line":52,"column":19}},"31":{"start":{"line":53,"column":4},"end":{"line":53,"column":16}},"32":{"start":{"line":54,"column":4},"end":{"line":54,"column":15}},"33":{"start":{"line":57,"column":22},"end":{"line":69,"column":3}},"34":{"start":{"line":58,"column":4},"end":{"line":68,"column":5}},"35":{"start":{"line":59,"column":6},"end":{"line":59,"column":36}},"36":{"start":{"line":60,"column":11},"end":{"line":68,"column":5}},"37":{"start":{"line":61,"column":6},"end":{"line":61,"column":42}},"38":{"start":{"line":62,"column":11},"end":{"line":68,"column":5}},"39":{"start":{"line":63,"column":6},"end":{"line":63,"column":60}},"40":{"start":{"line":64,"column":11},"end":{"line":68,"column":5}},"41":{"start":{"line":65,"column":6},"end":{"line":65,"column":73}},"42":{"start":{"line":67,"column":6},"end":{"line":67,"column":21}},"43":{"start":{"line":71,"column":20},"end":{"line":81,"column":3}},"44":{"start":{"line":72,"column":14},"end":{"line":72,"column":18}},"45":{"start":{"line":73,"column":4},"end":{"line":79,"column":5}},"46":{"start":{"line":74,"column":6},"end":{"line":74,"column":40}},"47":{"start":{"line":75,"column":6},"end":{"line":75,"column":17}},"48":{"start":{"line":76,"column":11},"end":{"line":79,"column":5}},"49":{"start":{"line":77,"column":6},"end":{"line":77,"column":58}},"50":{"start":{"line":78,"column":6},"end":{"line":78,"column":17}},"51":{"start":{"line":80,"column":4},"end":{"line":80,"column":14}},"52":{"start":{"line":83,"column":25},"end":{"line":89,"column":3}},"53":{"start":{"line":84,"column":4},"end":{"line":87,"column":5}},"54":{"start":{"line":85,"column":6},"end":{"line":85,"column":56}},"55":{"start":{"line":86,"column":6},"end":{"line":86,"column":18}},"56":{"start":{"line":88,"column":4},"end":{"line":88,"column":15}},"57":{"start":{"line":92,"column":2},"end":{"line":181,"column":33}},"58":{"start":{"line":137,"column":26},"end":{"line":137,"column":39}},"59":{"start":{"line":170,"column":20},"end":{"line":170,"column":33}},"60":{"start":{"line":171,"column":20},"end":{"line":171,"column":33}},"61":{"start":{"line":172,"column":20},"end":{"line":172,"column":50}}},"fnMap":{"0":{"name":"(anonymous_0)","decl":{"start":{"line":14,"column":20},"end":{"line":14,"column":21}},"loc":{"start":{"line":14,"column":26},"end":{"line":182,"column":1}},"line":14},"1":{"name":"(anonymous_1)","decl":{"start":{"line":29,"column":22},"end":{"line":29,"column":23}},"loc":{"start":{"line":29,"column":28},"end":{"line":41,"column":3}},"line":29},"2":{"name":"(anonymous_2)","decl":{"start":{"line":32,"column":54},"end":{"line":32,"column":55}},"loc":{"start":{"line":32,"column":60},"end":{"line":34,"column":9}},"line":32},"3":{"name":"(anonymous_3)","decl":{"start":{"line":34,"column":17},"end":{"line":34,"column":18}},"loc":{"start":{"line":34,"column":28},"end":{"line":34,"column":46}},"line":34},"4":{"name":"(anonymous_4)","decl":{"start":{"line":36,"column":50},"end":{"line":36,"column":51}},"loc":{"start":{"line":36,"column":56},"end":{"line":38,"column":9}},"line":36},"5":{"name":"(anonymous_5)","decl":{"start":{"line":38,"column":17},"end":{"line":38,"column":18}},"loc":{"start":{"line":38,"column":28},"end":{"line":38,"column":46}},"line":38},"6":{"name":"(anonymous_6)","decl":{"start":{"line":43,"column":22},"end":{"line":43,"column":23}},"loc":{"start":{"line":43,"column":28},"end":{"line":49,"column":3}},"line":43},"7":{"name":"(anonymous_7)","decl":{"start":{"line":51,"column":22},"end":{"line":51,"column":23}},"loc":{"start":{"line":51,"column":28},"end":{"line":55,"column":3}},"line":51},"8":{"name":"(anonymous_8)","decl":{"start":{"line":57,"column":22},"end":{"line":57,"column":23}},"loc":{"start":{"line":57,"column":41},"end":{"line":69,"column":3}},"line":57},"9":{"name":"(anonymous_9)","decl":{"start":{"line":71,"column":20},"end":{"line":71,"column":21}},"loc":{"start":{"line":71,"column":35},"end":{"line":81,"column":3}},"line":71},"10":{"name":"(anonymous_10)","decl":{"start":{"line":83,"column":25},"end":{"line":83,"column":26}},"loc":{"start":{"line":83,"column":31},"end":{"line":89,"column":3}},"line":83},"11":{"name":"(anonymous_11)","decl":{"start":{"line":136,"column":41},"end":{"line":136,"column":42}},"loc":{"start":{"line":136,"column":47},"end":{"line":138,"column":25}},"line":136},"12":{"name":"(anonymous_12)","decl":{"start":{"line":169,"column":25},"end":{"line":169,"column":26}},"loc":{"start":{"line":169,"column":31},"end":{"line":173,"column":17}},"line":169}},"branchMap":{"0":{"loc":{"start":{"line":31,"column":4},"end":{"line":39,"column":5}},"type":"if","locations":[{"start":{"line":31,"column":4},"end":{"line":39,"column":5}},{"start":{"line":35,"column":11},"end":{"line":39,"column":5}}],"line":31},"1":{"loc":{"start":{"line":31,"column":8},"end":{"line":31,"column":55}},"type":"binary-expr","locations":[{"start":{"line":31,"column":8},"end":{"line":31,"column":20}},{"start":{"line":31,"column":24},"end":{"line":31,"column":35}},{"start":{"line":31,"column":39},"end":{"line":31,"column":55}}],"line":31},"2":{"loc":{"start":{"line":35,"column":11},"end":{"line":39,"column":5}},"type":"if","locations":[{"start":{"line":35,"column":11},"end":{"line":39,"column":5}},{"start":{},"end":{}}],"line":35},"3":{"loc":{"start":{"line":58,"column":4},"end":{"line":68,"column":5}},"type":"if","locations":[{"start":{"line":58,"column":4},"end":{"line":68,"column":5}},{"start":{"line":60,"column":11},"end":{"line":68,"column":5}}],"line":58},"4":{"loc":{"start":{"line":60,"column":11},"end":{"line":68,"column":5}},"type":"if","locations":[{"start":{"line":60,"column":11},"end":{"line":68,"column":5}},{"start":{"line":62,"column":11},"end":{"line":68,"column":5}}],"line":60},"5":{"loc":{"start":{"line":62,"column":11},"end":{"line":68,"column":5}},"type":"if","locations":[{"start":{"line":62,"column":11},"end":{"line":68,"column":5}},{"start":{"line":64,"column":11},"end":{"line":68,"column":5}}],"line":62},"6":{"loc":{"start":{"line":64,"column":11},"end":{"line":68,"column":5}},"type":"if","locations":[{"start":{"line":64,"column":11},"end":{"line":68,"column":5}},{"start":{"line":66,"column":11},"end":{"line":68,"column":5}}],"line":64},"7":{"loc":{"start":{"line":73,"column":4},"end":{"line":79,"column":5}},"type":"if","locations":[{"start":{"line":73,"column":4},"end":{"line":79,"column":5}},{"start":{"line":76,"column":11},"end":{"line":79,"column":5}}],"line":73},"8":{"loc":{"start":{"line":76,"column":11},"end":{"line":79,"column":5}},"type":"if","locations":[{"start":{"line":76,"column":11},"end":{"line":79,"column":5}},{"start":{},"end":{}}],"line":76},"9":{"loc":{"start":{"line":84,"column":4},"end":{"line":87,"column":5}},"type":"if","locations":[{"start":{"line":84,"column":4},"end":{"line":87,"column":5}},{"start":{},"end":{}}],"line":84},"10":{"loc":{"start":{"line":92,"column":10},"end":{"line":181,"column":31}},"type":"cond-expr","locations":[{"start":{"line":93,"column":4},"end":{"line":180,"column":19}},{"start":{"line":181,"column":4},"end":{"line":181,"column":31}}],"line":92},"11":{"loc":{"start":{"line":97,"column":44},"end":{"line":97,"column":78}},"type":"cond-expr","locations":[{"start":{"line":97,"column":59},"end":{"line":97,"column":68}},{"start":{"line":97,"column":71},"end":{"line":97,"column":78}}],"line":97},"12":{"loc":{"start":{"line":101,"column":17},"end":{"line":112,"column":23}},"type":"binary-expr","locations":[{"start":{"line":101,"column":17},"end":{"line":101,"column":29}},{"start":{"line":101,"column":33},"end":{"line":112,"column":23}}],"line":101},"13":{"loc":{"start":{"line":144,"column":17},"end":{"line":156,"column":23}},"type":"binary-expr","locations":[{"start":{"line":144,"column":17},"end":{"line":144,"column":29}},{"start":{"line":144,"column":33},"end":{"line":156,"column":23}}],"line":144},"14":{"loc":{"start":{"line":158,"column":17},"end":{"line":158,"column":82}},"type":"binary-expr","locations":[{"start":{"line":158,"column":17},"end":{"line":158,"column":33}},{"start":{"line":158,"column":37},"end":{"line":158,"column":82}}],"line":158},"15":{"loc":{"start":{"line":164,"column":54},"end":{"line":164,"column":88}},"type":"cond-expr","locations":[{"start":{"line":164,"column":69},"end":{"line":164,"column":78}},{"start":{"line":164,"column":81},"end":{"line":164,"column":88}}],"line":164},"16":{"loc":{"start":{"line":175,"column":49},"end":{"line":175,"column":84}},"type":"cond-expr","locations":[{"start":{"line":175,"column":65},"end":{"line":175,"column":74}},{"start":{"line":175,"column":77},"end":{"line":175,"column":84}}],"line":175}},"s":{"0":0,"1":0,"2":0,"3":0,"4":0,"5":0,"6":0,"7":0,"8":0,"9":0,"10":0,"11":0,"12":0,"13":0,"14":0,"15":0,"16":0,"17":0,"18":0,"19":0,"20":0,"21":0,"22":0,"23":0,"24":0,"25":0,"26":0,"27":0,"28":0,"29":0,"30":0,"31":0,"32":0,"33":0,"34":0,"35":0,"36":0,"37":0,"38":0,"39":0,"40":0,"41":0,"42":0,"43":0,"44":0,"45":0,"46":0,"47":0,"48":0,"49":0,"50":0,"51":0,"52":0,"53":0,"54":0,"55":0,"56":0,"57":0,"58":0,"59":0,"60":0,"61":0},"f":{"0":0,"1":0,"2":0,"3":0,"4":0,"5":0,"6":0,"7":0,"8":0,"9":0,"10":0,"11":0,"12":0},"b":{"0":[0,0],"1":[0,0,0],"2":[0,0],"3":[0,0],"4":[0,0],"5":[0,0],"6":[0,0],"7":[0,0],"8":[0,0],"9":[0,0],"10":[0,0],"11":[0,0],"12":[0,0],"13":[0,0],"14":[0,0],"15":[0,0],"16":[0,0]}}
,"/Users/tashakim/win25-Team26/frontend/app/view_organization.tsx": {"path":"/Users/tashakim/win25-Team26/frontend/app/view_organization.tsx","statementMap":{"0":{"start":{"line":19,"column":23},"end":{"line":25,"column":1}},"1":{"start":{"line":20,"column":2},"end":{"line":24,"column":9}},"2":{"start":{"line":27,"column":23},"end":{"line":32,"column":1}},"3":{"start":{"line":28,"column":2},"end":{"line":31,"column":9}},"4":{"start":{"line":34,"column":25},"end":{"line":187,"column":1}},"5":{"start":{"line":36,"column":17},"end":{"line":36,"column":28}},"6":{"start":{"line":38,"column":42},"end":{"line":45,"column":20}},"7":{"start":{"line":46,"column":40},"end":{"line":46,"column":76}},"8":{"start":{"line":47,"column":32},"end":{"line":47,"column":62}},"9":{"start":{"line":49,"column":25},"end":{"line":49,"column":47}},"10":{"start":{"line":50,"column":15},"end":{"line":50,"column":63}},"11":{"start":{"line":52,"column":32},"end":{"line":52,"column":46}},"12":{"start":{"line":53,"column":42},"end":{"line":53,"column":72}},"13":{"start":{"line":54,"column":43},"end":{"line":54,"column":73}},"14":{"start":{"line":55,"column":44},"end":{"line":55,"column":59}},"15":{"start":{"line":56,"column":44},"end":{"line":56,"column":56}},"16":{"start":{"line":57,"column":30},"end":{"line":57,"column":45}},"17":{"start":{"line":60,"column":2},"end":{"line":69,"column":8}},"18":{"start":{"line":61,"column":5},"end":{"line":68,"column":6}},"19":{"start":{"line":62,"column":8},"end":{"line":65,"column":10}},"20":{"start":{"line":63,"column":10},"end":{"line":63,"column":30}},"21":{"start":{"line":64,"column":10},"end":{"line":64,"column":88}},"22":{"start":{"line":64,"column":60},"end":{"line":64,"column":73}},"23":{"start":{"line":67,"column":6},"end":{"line":67,"column":23}},"24":{"start":{"line":71,"column":2},"end":{"line":85,"column":20}},"25":{"start":{"line":72,"column":4},"end":{"line":84,"column":3}},"26":{"start":{"line":73,"column":23},"end":{"line":73,"column":25}},"27":{"start":{"line":74,"column":7},"end":{"line":76,"column":11}},"28":{"start":{"line":75,"column":10},"end":{"line":75,"column":30}},"29":{"start":{"line":77,"column":8},"end":{"line":80,"column":11}},"30":{"start":{"line":78,"column":10},"end":{"line":78,"column":90}},"31":{"start":{"line":78,"column":43},"end":{"line":78,"column":88}},"32":{"start":{"line":78,"column":74},"end":{"line":78,"column":87}},"33":{"start":{"line":79,"column":10},"end":{"line":79,"column":105}},"34":{"start":{"line":79,"column":45},"end":{"line":79,"column":103}},"35":{"start":{"line":79,"column":76},"end":{"line":79,"column":89}},"36":{"start":{"line":81,"column":8},"end":{"line":83,"column":10}},"37":{"start":{"line":82,"column":10},"end":{"line":82,"column":27}},"38":{"start":{"line":87,"column":2},"end":{"line":186,"column":4}},"39":{"start":{"line":112,"column":18},"end":{"line":117,"column":20}},"40":{"start":{"line":122,"column":16},"end":{"line":122,"column":49}},"41":{"start":{"line":145,"column":18},"end":{"line":149,"column":20}},"42":{"start":{"line":157,"column":18},"end":{"line":157,"column":96}},"43":{"start":{"line":157,"column":48},"end":{"line":157,"column":96}},"44":{"start":{"line":158,"column":18},"end":{"line":158,"column":40}},"45":{"start":{"line":159,"column":18},"end":{"line":165,"column":20}},"46":{"start":{"line":159,"column":80},"end":{"line":159,"column":85}},"47":{"start":{"line":160,"column":20},"end":{"line":160,"column":39}},"48":{"start":{"line":162,"column":20},"end":{"line":162,"column":55}},"49":{"start":{"line":164,"column":20},"end":{"line":164,"column":43}},"50":{"start":{"line":182,"column":10},"end":{"line":182,"column":30}},"51":{"start":{"line":189,"column":16},"end":{"line":258,"column":2}}},"fnMap":{"0":{"name":"(anonymous_0)","decl":{"start":{"line":19,"column":23},"end":{"line":19,"column":24}},"loc":{"start":{"line":20,"column":2},"end":{"line":24,"column":9}},"line":20},"1":{"name":"(anonymous_1)","decl":{"start":{"line":27,"column":23},"end":{"line":27,"column":24}},"loc":{"start":{"line":28,"column":2},"end":{"line":31,"column":9}},"line":28},"2":{"name":"(anonymous_2)","decl":{"start":{"line":34,"column":25},"end":{"line":34,"column":26}},"loc":{"start":{"line":34,"column":31},"end":{"line":187,"column":1}},"line":34},"3":{"name":"(anonymous_3)","decl":{"start":{"line":60,"column":12},"end":{"line":60,"column":13}},"loc":{"start":{"line":60,"column":18},"end":{"line":69,"column":3}},"line":60},"4":{"name":"(anonymous_4)","decl":{"start":{"line":62,"column":74},"end":{"line":62,"column":75}},"loc":{"start":{"line":62,"column":83},"end":{"line":65,"column":9}},"line":62},"5":{"name":"(anonymous_5)","decl":{"start":{"line":64,"column":53},"end":{"line":64,"column":54}},"loc":{"start":{"line":64,"column":60},"end":{"line":64,"column":73}},"line":64},"6":{"name":"(anonymous_6)","decl":{"start":{"line":71,"column":12},"end":{"line":71,"column":13}},"loc":{"start":{"line":71,"column":18},"end":{"line":85,"column":3}},"line":71},"7":{"name":"(anonymous_7)","decl":{"start":{"line":74,"column":79},"end":{"line":74,"column":80}},"loc":{"start":{"line":74,"column":89},"end":{"line":76,"column":9}},"line":74},"8":{"name":"(anonymous_8)","decl":{"start":{"line":77,"column":60},"end":{"line":77,"column":61}},"loc":{"start":{"line":77,"column":70},"end":{"line":80,"column":9}},"line":77},"9":{"name":"(anonymous_9)","decl":{"start":{"line":78,"column":33},"end":{"line":78,"column":34}},"loc":{"start":{"line":78,"column":43},"end":{"line":78,"column":88}},"line":78},"10":{"name":"(anonymous_10)","decl":{"start":{"line":78,"column":69},"end":{"line":78,"column":70}},"loc":{"start":{"line":78,"column":74},"end":{"line":78,"column":87}},"line":78},"11":{"name":"(anonymous_11)","decl":{"start":{"line":79,"column":35},"end":{"line":79,"column":36}},"loc":{"start":{"line":79,"column":45},"end":{"line":79,"column":103}},"line":79},"12":{"name":"(anonymous_12)","decl":{"start":{"line":79,"column":71},"end":{"line":79,"column":72}},"loc":{"start":{"line":79,"column":76},"end":{"line":79,"column":89}},"line":79},"13":{"name":"(anonymous_13)","decl":{"start":{"line":81,"column":38},"end":{"line":81,"column":39}},"loc":{"start":{"line":81,"column":44},"end":{"line":83,"column":9}},"line":81},"14":{"name":"(anonymous_14)","decl":{"start":{"line":111,"column":31},"end":{"line":111,"column":32}},"loc":{"start":{"line":112,"column":18},"end":{"line":117,"column":20}},"line":112},"15":{"name":"(anonymous_15)","decl":{"start":{"line":121,"column":23},"end":{"line":121,"column":24}},"loc":{"start":{"line":121,"column":29},"end":{"line":123,"column":15}},"line":121},"16":{"name":"(anonymous_16)","decl":{"start":{"line":144,"column":52},"end":{"line":144,"column":53}},"loc":{"start":{"line":145,"column":18},"end":{"line":149,"column":20}},"line":145},"17":{"name":"(anonymous_17)","decl":{"start":{"line":156,"column":25},"end":{"line":156,"column":26}},"loc":{"start":{"line":156,"column":31},"end":{"line":166,"column":17}},"line":156},"18":{"name":"(anonymous_18)","decl":{"start":{"line":159,"column":75},"end":{"line":159,"column":76}},"loc":{"start":{"line":159,"column":80},"end":{"line":159,"column":85}},"line":159},"19":{"name":"(anonymous_19)","decl":{"start":{"line":159,"column":93},"end":{"line":159,"column":94}},"loc":{"start":{"line":159,"column":99},"end":{"line":161,"column":19}},"line":159},"20":{"name":"(anonymous_20)","decl":{"start":{"line":161,"column":27},"end":{"line":161,"column":28}},"loc":{"start":{"line":161,"column":33},"end":{"line":163,"column":19}},"line":161},"21":{"name":"(anonymous_21)","decl":{"start":{"line":163,"column":29},"end":{"line":163,"column":30}},"loc":{"start":{"line":163,"column":35},"end":{"line":165,"column":19}},"line":163},"22":{"name":"(anonymous_22)","decl":{"start":{"line":181,"column":18},"end":{"line":181,"column":19}},"loc":{"start":{"line":181,"column":27},"end":{"line":183,"column":9}},"line":181}},"branchMap":{"0":{"loc":{"start":{"line":61,"column":5},"end":{"line":68,"column":6}},"type":"if","locations":[{"start":{"line":61,"column":5},"end":{"line":68,"column":6}},{"start":{"line":66,"column":12},"end":{"line":68,"column":6}}],"line":61},"1":{"loc":{"start":{"line":72,"column":4},"end":{"line":84,"column":3}},"type":"if","locations":[{"start":{"line":72,"column":4},"end":{"line":84,"column":3}},{"start":{},"end":{}}],"line":72},"2":{"loc":{"start":{"line":94,"column":7},"end":{"line":174,"column":19}},"type":"binary-expr","locations":[{"start":{"line":94,"column":7},"end":{"line":94,"column":28}},{"start":{"line":94,"column":32},"end":{"line":174,"column":19}}],"line":94},"3":{"loc":{"start":{"line":144,"column":15},"end":{"line":150,"column":16}},"type":"binary-expr","locations":[{"start":{"line":144,"column":15},"end":{"line":144,"column":36}},{"start":{"line":144,"column":40},"end":{"line":150,"column":16}}],"line":144},"4":{"loc":{"start":{"line":152,"column":15},"end":{"line":171,"column":17}},"type":"binary-expr","locations":[{"start":{"line":152,"column":15},"end":{"line":152,"column":23}},{"start":{"line":152,"column":27},"end":{"line":152,"column":34}},{"start":{"line":152,"column":38},"end":{"line":171,"column":17}}],"line":152},"5":{"loc":{"start":{"line":157,"column":18},"end":{"line":157,"column":96}},"type":"if","locations":[{"start":{"line":157,"column":18},"end":{"line":157,"column":96}},{"start":{},"end":{}}],"line":157},"6":{"loc":{"start":{"line":178,"column":7},"end":{"line":184,"column":8}},"type":"binary-expr","locations":[{"start":{"line":178,"column":7},"end":{"line":178,"column":28}},{"start":{"line":178,"column":32},"end":{"line":178,"column":40}},{"start":{"line":178,"column":44},"end":{"line":184,"column":8}}],"line":178}},"s":{"0":0,"1":0,"2":0,"3":0,"4":0,"5":0,"6":0,"7":0,"8":0,"9":0,"10":0,"11":0,"12":0,"13":0,"14":0,"15":0,"16":0,"17":0,"18":0,"19":0,"20":0,"21":0,"22":0,"23":0,"24":0,"25":0,"26":0,"27":0,"28":0,"29":0,"30":0,"31":0,"32":0,"33":0,"34":0,"35":0,"36":0,"37":0,"38":0,"39":0,"40":0,"41":0,"42":0,"43":0,"44":0,"45":0,"46":0,"47":0,"48":0,"49":0,"50":0,"51":0},"f":{"0":0,"1":0,"2":0,"3":0,"4":0,"5":0,"6":0,"7":0,"8":0,"9":0,"10":0,"11":0,"12":0,"13":0,"14":0,"15":0,"16":0,"17":0,"18":0,"19":0,"20":0,"21":0,"22":0},"b":{"0":[0,0],"1":[0,0],"2":[0,0],"3":[0,0],"4":[0,0,0],"5":[0,0],"6":[0,0,0]}}
,"/Users/tashakim/win25-Team26/frontend/app/view_simulations.tsx": {"path":"/Users/tashakim/win25-Team26/frontend/app/view_simulations.tsx","statementMap":{"0":{"start":{"line":13,"column":46},"end":{"line":13,"column":80}},"1":{"start":{"line":15,"column":2},"end":{"line":20,"column":9}},"2":{"start":{"line":17,"column":4},"end":{"line":19,"column":7}},"3":{"start":{"line":18,"column":8},"end":{"line":18,"column":32}},"4":{"start":{"line":22,"column":2},"end":{"line":55,"column":4}},"5":{"start":{"line":35,"column":16},"end":{"line":39,"column":20}}},"fnMap":{"0":{"name":"ViewSimulations","decl":{"start":{"line":12,"column":24},"end":{"line":12,"column":39}},"loc":{"start":{"line":12,"column":42},"end":{"line":56,"column":1}},"line":12},"1":{"name":"(anonymous_1)","decl":{"start":{"line":15,"column":12},"end":{"line":15,"column":13}},"loc":{"start":{"line":15,"column":18},"end":{"line":20,"column":3}},"line":15},"2":{"name":"(anonymous_2)","decl":{"start":{"line":17,"column":57},"end":{"line":17,"column":58}},"loc":{"start":{"line":17,"column":67},"end":{"line":19,"column":5}},"line":17},"3":{"name":"(anonymous_3)","decl":{"start":{"line":34,"column":24},"end":{"line":34,"column":25}},"loc":{"start":{"line":34,"column":36},"end":{"line":40,"column":13}},"line":34}},"branchMap":{"0":{"loc":{"start":{"line":32,"column":9},"end":{"line":50,"column":15}},"type":"cond-expr","locations":[{"start":{"line":32,"column":37},"end":{"line":41,"column":10}},{"start":{"line":42,"column":8},"end":{"line":50,"column":15}}],"line":32}},"s":{"0":0,"1":0,"2":0,"3":0,"4":0,"5":0},"f":{"0":0,"1":0,"2":0,"3":0},"b":{"0":[0,0]}}
,"/Users/tashakim/win25-Team26/frontend/app/components/ConditionalView.tsx": {"path":"/Users/tashakim/win25-Team26/frontend/app/components/ConditionalView.tsx","statementMap":{"0":{"start":{"line":8,"column":56},"end":{"line":11,"column":1}},"1":{"start":{"line":9,"column":2},"end":{"line":9,"column":30}},"2":{"start":{"line":9,"column":18},"end":{"line":9,"column":30}},"3":{"start":{"line":10,"column":2},"end":{"line":10,"column":43}}},"fnMap":{"0":{"name":"(anonymous_0)","decl":{"start":{"line":8,"column":56},"end":{"line":8,"column":57}},"loc":{"start":{"line":8,"column":94},"end":{"line":11,"column":1}},"line":8}},"branchMap":{"0":{"loc":{"start":{"line":9,"column":2},"end":{"line":9,"column":30}},"type":"if","locations":[{"start":{"line":9,"column":2},"end":{"line":9,"column":30}},{"start":{},"end":{}}],"line":9}},"s":{"0":1,"1":0,"2":0,"3":0},"f":{"0":0},"b":{"0":[0,0]},"_coverageSchema":"1a1c01bbd47fc00a2c39e90264f33305004495a9","hash":"5bd9e836b6a0034368e5067b4712d0669d53edd4"}
,"/Users/tashakim/win25-Team26/frontend/app/components/CreateOrganizationForm.tsx": {"path":"/Users/tashakim/win25-Team26/frontend/app/components/CreateOrganizationForm.tsx","statementMap":{"0":{"start":{"line":26,"column":38},"end":{"line":103,"column":1}},"1":{"start":{"line":28,"column":28},"end":{"line":28,"column":40}},"2":{"start":{"line":29,"column":38},"end":{"line":29,"column":50}},"3":{"start":{"line":30,"column":30},"end":{"line":30,"column":60}},"4":{"start":{"line":31,"column":46},"end":{"line":31,"column":76}},"5":{"start":{"line":32,"column":44},"end":{"line":32,"column":56}},"6":{"start":{"line":33,"column":34},"end":{"line":33,"column":49}},"7":{"start":{"line":34,"column":42},"end":{"line":34,"column":69}},"8":{"start":{"line":35,"column":34},"end":{"line":35,"column":64}},"9":{"start":{"line":37,"column":22},"end":{"line":46,"column":5}},"10":{"start":{"line":38,"column":8},"end":{"line":41,"column":9}},"11":{"start":{"line":39,"column":12},"end":{"line":39,"column":63}},"12":{"start":{"line":40,"column":12},"end":{"line":40,"column":24}},"13":{"start":{"line":41,"column":10},"end":{"line":44,"column":9}},"14":{"start":{"line":41,"column":34},"end":{"line":41,"column":50}},"15":{"start":{"line":42,"column":12},"end":{"line":42,"column":74}},"16":{"start":{"line":43,"column":12},"end":{"line":43,"column":24}},"17":{"start":{"line":45,"column":8},"end":{"line":45,"column":19}},"18":{"start":{"line":48,"column":31},"end":{"line":53,"column":5}},"19":{"start":{"line":49,"column":8},"end":{"line":49,"column":24}},"20":{"start":{"line":50,"column":8},"end":{"line":52,"column":32}},"21":{"start":{"line":51,"column":12},"end":{"line":51,"column":154}},"22":{"start":{"line":51,"column":87},"end":{"line":51,"column":92}},"23":{"start":{"line":51,"column":136},"end":{"line":51,"column":153}},"24":{"start":{"line":52,"column":15},"end":{"line":52,"column":32}},"25":{"start":{"line":55,"column":4},"end":{"line":62,"column":10}},"26":{"start":{"line":56,"column":8},"end":{"line":58,"column":10}},"27":{"start":{"line":57,"column":12},"end":{"line":57,"column":59}},"28":{"start":{"line":57,"column":40},"end":{"line":57,"column":57}},"29":{"start":{"line":59,"column":8},"end":{"line":61,"column":10}},"30":{"start":{"line":60,"column":12},"end":{"line":60,"column":28}},"31":{"start":{"line":64,"column":4},"end":{"line":102,"column":5}},"32":{"start":{"line":93,"column":20},"end":{"line":94,"column":45}},"33":{"start":{"line":93,"column":37},"end":{"line":93,"column":57}},"34":{"start":{"line":94,"column":25},"end":{"line":94,"column":45}}},"fnMap":{"0":{"name":"(anonymous_0)","decl":{"start":{"line":26,"column":38},"end":{"line":26,"column":39}},"loc":{"start":{"line":26,"column":88},"end":{"line":103,"column":1}},"line":26},"1":{"name":"(anonymous_1)","decl":{"start":{"line":37,"column":22},"end":{"line":37,"column":23}},"loc":{"start":{"line":37,"column":28},"end":{"line":46,"column":5}},"line":37},"2":{"name":"(anonymous_2)","decl":{"start":{"line":41,"column":27},"end":{"line":41,"column":28}},"loc":{"start":{"line":41,"column":34},"end":{"line":41,"column":50}},"line":41},"3":{"name":"(anonymous_3)","decl":{"start":{"line":48,"column":31},"end":{"line":48,"column":32}},"loc":{"start":{"line":48,"column":37},"end":{"line":53,"column":5}},"line":48},"4":{"name":"(anonymous_4)","decl":{"start":{"line":51,"column":80},"end":{"line":51,"column":81}},"loc":{"start":{"line":51,"column":87},"end":{"line":51,"column":92}},"line":51},"5":{"name":"(anonymous_5)","decl":{"start":{"line":51,"column":130},"end":{"line":51,"column":131}},"loc":{"start":{"line":51,"column":136},"end":{"line":51,"column":153}},"line":51},"6":{"name":"(anonymous_6)","decl":{"start":{"line":55,"column":14},"end":{"line":55,"column":15}},"loc":{"start":{"line":55,"column":20},"end":{"line":62,"column":5}},"line":55},"7":{"name":"(anonymous_7)","decl":{"start":{"line":56,"column":46},"end":{"line":56,"column":47}},"loc":{"start":{"line":56,"column":56},"end":{"line":58,"column":9}},"line":56},"8":{"name":"(anonymous_8)","decl":{"start":{"line":57,"column":33},"end":{"line":57,"column":34}},"loc":{"start":{"line":57,"column":40},"end":{"line":57,"column":57}},"line":57},"9":{"name":"(anonymous_9)","decl":{"start":{"line":59,"column":54},"end":{"line":59,"column":55}},"loc":{"start":{"line":59,"column":64},"end":{"line":61,"column":9}},"line":59},"10":{"name":"(anonymous_10)","decl":{"start":{"line":92,"column":25},"end":{"line":92,"column":26}},"loc":{"start":{"line":92,"column":31},"end":{"line":95,"column":17}},"line":92}},"branchMap":{"0":{"loc":{"start":{"line":38,"column":8},"end":{"line":41,"column":9}},"type":"if","locations":[{"start":{"line":38,"column":8},"end":{"line":41,"column":9}},{"start":{},"end":{}}],"line":38},"1":{"loc":{"start":{"line":41,"column":10},"end":{"line":44,"column":9}},"type":"if","locations":[{"start":{"line":41,"column":10},"end":{"line":44,"column":9}},{"start":{},"end":{}}],"line":41},"2":{"loc":{"start":{"line":50,"column":8},"end":{"line":52,"column":32}},"type":"if","locations":[{"start":{"line":50,"column":8},"end":{"line":52,"column":32}},{"start":{"line":52,"column":15},"end":{"line":52,"column":32}}],"line":50},"3":{"loc":{"start":{"line":93,"column":20},"end":{"line":94,"column":45}},"type":"if","locations":[{"start":{"line":93,"column":20},"end":{"line":94,"column":45}},{"start":{"line":94,"column":25},"end":{"line":94,"column":45}}],"line":93}},"s":{"0":0,"1":0,"2":0,"3":0,"4":0,"5":0,"6":0,"7":0,"8":0,"9":0,"10":0,"11":0,"12":0,"13":0,"14":0,"15":0,"16":0,"17":0,"18":0,"19":0,"20":0,"21":0,"22":0,"23":0,"24":0,"25":0,"26":0,"27":0,"28":0,"29":0,"30":0,"31":0,"32":0,"33":0,"34":0},"f":{"0":0,"1":0,"2":0,"3":0,"4":0,"5":0,"6":0,"7":0,"8":0,"9":0,"10":0},"b":{"0":[0,0],"1":[0,0],"2":[0,0],"3":[0,0]}}
,"/Users/tashakim/win25-Team26/frontend/app/components/UserSelector.tsx": {"path":"/Users/tashakim/win25-Team26/frontend/app/components/UserSelector.tsx","statementMap":{"0":{"start":{"line":22,"column":21},"end":{"line":114,"column":1}},"1":{"start":{"line":23,"column":38},"end":{"line":23,"column":50}},"2":{"start":{"line":24,"column":40},"end":{"line":24,"column":70}},"3":{"start":{"line":25,"column":36},"end":{"line":25,"column":51}},"4":{"start":{"line":26,"column":19},"end":{"line":26,"column":42}},"5":{"start":{"line":29,"column":2},"end":{"line":41,"column":34}},"6":{"start":{"line":30,"column":4},"end":{"line":40,"column":5}},"7":{"start":{"line":31,"column":34},"end":{"line":36,"column":7}},"8":{"start":{"line":33,"column":10},"end":{"line":35,"column":72}},"9":{"start":{"line":35,"column":45},"end":{"line":35,"column":71}},"10":{"start":{"line":37,"column":6},"end":{"line":37,"column":42}},"11":{"start":{"line":39,"column":6},"end":{"line":39,"column":25}},"12":{"start":{"line":43,"column":32},"end":{"line":47,"column":3}},"13":{"start":{"line":44,"column":4},"end":{"line":44,"column":52}},"14":{"start":{"line":45,"column":4},"end":{"line":45,"column":22}},"15":{"start":{"line":46,"column":4},"end":{"line":46,"column":23}},"16":{"start":{"line":49,"column":32},"end":{"line":51,"column":3}},"17":{"start":{"line":50,"column":4},"end":{"line":50,"column":73}},"18":{"start":{"line":50,"column":49},"end":{"line":50,"column":70}},"19":{"start":{"line":53,"column":30},"end":{"line":63,"column":3}},"20":{"start":{"line":54,"column":4},"end":{"line":62,"column":11}},"21":{"start":{"line":57,"column":23},"end":{"line":57,"column":54}},"22":{"start":{"line":65,"column":27},"end":{"line":73,"column":3}},"23":{"start":{"line":66,"column":4},"end":{"line":72,"column":23}},"24":{"start":{"line":68,"column":21},"end":{"line":68,"column":48}},"25":{"start":{"line":75,"column":2},"end":{"line":113,"column":4}},"26":{"start":{"line":81,"column":34},"end":{"line":81,"column":42}},"27":{"start":{"line":91,"column":25},"end":{"line":91,"column":43}},"28":{"start":{"line":95,"column":12},"end":{"line":98,"column":13}},"29":{"start":{"line":96,"column":16},"end":{"line":96,"column":53}},"30":{"start":{"line":97,"column":16},"end":{"line":97,"column":37}},"31":{"start":{"line":107,"column":34},"end":{"line":107,"column":42}}},"fnMap":{"0":{"name":"(anonymous_0)","decl":{"start":{"line":22,"column":21},"end":{"line":22,"column":22}},"loc":{"start":{"line":22,"column":74},"end":{"line":114,"column":1}},"line":22},"1":{"name":"(anonymous_1)","decl":{"start":{"line":29,"column":12},"end":{"line":29,"column":13}},"loc":{"start":{"line":29,"column":18},"end":{"line":41,"column":3}},"line":29},"2":{"name":"(anonymous_2)","decl":{"start":{"line":32,"column":8},"end":{"line":32,"column":9}},"loc":{"start":{"line":33,"column":10},"end":{"line":35,"column":72}},"line":33},"3":{"name":"(anonymous_3)","decl":{"start":{"line":35,"column":30},"end":{"line":35,"column":31}},"loc":{"start":{"line":35,"column":45},"end":{"line":35,"column":71}},"line":35},"4":{"name":"(anonymous_4)","decl":{"start":{"line":43,"column":32},"end":{"line":43,"column":33}},"loc":{"start":{"line":43,"column":61},"end":{"line":47,"column":3}},"line":43},"5":{"name":"(anonymous_5)","decl":{"start":{"line":49,"column":32},"end":{"line":49,"column":33}},"loc":{"start":{"line":49,"column":57},"end":{"line":51,"column":3}},"line":49},"6":{"name":"(anonymous_6)","decl":{"start":{"line":50,"column":42},"end":{"line":50,"column":43}},"loc":{"start":{"line":50,"column":49},"end":{"line":50,"column":70}},"line":50},"7":{"name":"(anonymous_7)","decl":{"start":{"line":53,"column":30},"end":{"line":53,"column":31}},"loc":{"start":{"line":54,"column":4},"end":{"line":62,"column":11}},"line":54},"8":{"name":"(anonymous_8)","decl":{"start":{"line":57,"column":17},"end":{"line":57,"column":18}},"loc":{"start":{"line":57,"column":23},"end":{"line":57,"column":54}},"line":57},"9":{"name":"(anonymous_9)","decl":{"start":{"line":65,"column":27},"end":{"line":65,"column":28}},"loc":{"start":{"line":66,"column":4},"end":{"line":72,"column":23}},"line":66},"10":{"name":"(anonymous_10)","decl":{"start":{"line":68,"column":15},"end":{"line":68,"column":16}},"loc":{"start":{"line":68,"column":21},"end":{"line":68,"column":48}},"line":68},"11":{"name":"(anonymous_11)","decl":{"start":{"line":81,"column":24},"end":{"line":81,"column":25}},"loc":{"start":{"line":81,"column":34},"end":{"line":81,"column":42}},"line":81},"12":{"name":"(anonymous_12)","decl":{"start":{"line":91,"column":19},"end":{"line":91,"column":20}},"loc":{"start":{"line":91,"column":25},"end":{"line":91,"column":43}},"line":91},"13":{"name":"(anonymous_13)","decl":{"start":{"line":94,"column":27},"end":{"line":94,"column":28}},"loc":{"start":{"line":94,"column":38},"end":{"line":99,"column":11}},"line":94},"14":{"name":"(anonymous_14)","decl":{"start":{"line":107,"column":24},"end":{"line":107,"column":25}},"loc":{"start":{"line":107,"column":34},"end":{"line":107,"column":42}},"line":107}},"branchMap":{"0":{"loc":{"start":{"line":30,"column":4},"end":{"line":40,"column":5}},"type":"if","locations":[{"start":{"line":30,"column":4},"end":{"line":40,"column":5}},{"start":{"line":38,"column":11},"end":{"line":40,"column":5}}],"line":30},"1":{"loc":{"start":{"line":33,"column":10},"end":{"line":35,"column":72}},"type":"binary-expr","locations":[{"start":{"line":33,"column":11},"end":{"line":33,"column":70}},{"start":{"line":34,"column":12},"end":{"line":34,"column":70}},{"start":{"line":35,"column":10},"end":{"line":35,"column":72}}],"line":33},"2":{"loc":{"start":{"line":92,"column":23},"end":{"line":92,"column":83}},"type":"cond-expr","locations":[{"start":{"line":92,"column":52},"end":{"line":92,"column":78}},{"start":{"line":92,"column":81},"end":{"line":92,"column":83}}],"line":92},"3":{"loc":{"start":{"line":95,"column":12},"end":{"line":98,"column":13}},"type":"if","locations":[{"start":{"line":95,"column":12},"end":{"line":98,"column":13}},{"start":{},"end":{}}],"line":95},"4":{"loc":{"start":{"line":103,"column":7},"end":{"line":111,"column":7}},"type":"binary-expr","locations":[{"start":{"line":103,"column":7},"end":{"line":103,"column":16}},{"start":{"line":103,"column":20},"end":{"line":103,"column":42}},{"start":{"line":104,"column":8},"end":{"line":110,"column":10}}],"line":103}},"s":{"0":0,"1":0,"2":0,"3":0,"4":0,"5":0,"6":0,"7":0,"8":0,"9":0,"10":0,"11":0,"12":0,"13":0,"14":0,"15":0,"16":0,"17":0,"18":0,"19":0,"20":0,"21":0,"22":0,"23":0,"24":0,"25":0,"26":0,"27":0,"28":0,"29":0,"30":0,"31":0},"f":{"0":0,"1":0,"2":0,"3":0,"4":0,"5":0,"6":0,"7":0,"8":0,"9":0,"10":0,"11":0,"12":0,"13":0,"14":0},"b":{"0":[0,0],"1":[0,0,0],"2":[0,0],"3":[0,0],"4":[0,0,0]}}
,"/Users/tashakim/win25-Team26/frontend/app/components/dropdown.tsx": {"path":"/Users/tashakim/win25-Team26/frontend/app/components/dropdown.tsx","statementMap":{"0":{"start":{"line":16,"column":0},"end":{"line":20,"column":1}},"1":{"start":{"line":17,"column":2},"end":{"line":19,"column":3}},"2":{"start":{"line":18,"column":4},"end":{"line":18,"column":58}},"3":{"start":{"line":22,"column":21},"end":{"line":92,"column":1}},"4":{"start":{"line":31,"column":30},"end":{"line":31,"column":45}},"5":{"start":{"line":32,"column":46},"end":{"line":32,"column":68}},"6":{"start":{"line":33,"column":26},"end":{"line":33,"column":47}},"7":{"start":{"line":35,"column":25},"end":{"line":43,"column":3}},"8":{"start":{"line":36,"column":4},"end":{"line":36,"column":73}},"9":{"start":{"line":37,"column":4},"end":{"line":37,"column":23}},"10":{"start":{"line":38,"column":4},"end":{"line":42,"column":15}},"11":{"start":{"line":45,"column":23},"end":{"line":54,"column":3}},"12":{"start":{"line":46,"column":4},"end":{"line":46,"column":30}},"13":{"start":{"line":47,"column":4},"end":{"line":47,"column":21}},"14":{"start":{"line":48,"column":4},"end":{"line":48,"column":33}},"15":{"start":{"line":49,"column":4},"end":{"line":53,"column":15}},"16":{"start":{"line":56,"column":28},"end":{"line":59,"column":4}},"17":{"start":{"line":61,"column":24},"end":{"line":63,"column":3}},"18":{"start":{"line":65,"column":2},"end":{"line":91,"column":4}},"19":{"start":{"line":79,"column":12},"end":{"line":86,"column":31}},"20":{"start":{"line":82,"column":29},"end":{"line":82,"column":49}},"21":{"start":{"line":133,"column":15},"end":{"line":186,"column":2}}},"fnMap":{"0":{"name":"(anonymous_0)","decl":{"start":{"line":22,"column":21},"end":{"line":22,"column":22}},"loc":{"start":{"line":30,"column":21},"end":{"line":92,"column":1}},"line":30},"1":{"name":"(anonymous_1)","decl":{"start":{"line":35,"column":25},"end":{"line":35,"column":26}},"loc":{"start":{"line":35,"column":31},"end":{"line":43,"column":3}},"line":35},"2":{"name":"(anonymous_2)","decl":{"start":{"line":45,"column":23},"end":{"line":45,"column":24}},"loc":{"start":{"line":45,"column":43},"end":{"line":54,"column":3}},"line":45},"3":{"name":"(anonymous_3)","decl":{"start":{"line":78,"column":23},"end":{"line":78,"column":24}},"loc":{"start":{"line":79,"column":12},"end":{"line":86,"column":31}},"line":79},"4":{"name":"(anonymous_4)","decl":{"start":{"line":82,"column":23},"end":{"line":82,"column":24}},"loc":{"start":{"line":82,"column":29},"end":{"line":82,"column":49}},"line":82}},"branchMap":{"0":{"loc":{"start":{"line":16,"column":0},"end":{"line":20,"column":1}},"type":"if","locations":[{"start":{"line":16,"column":0},"end":{"line":20,"column":1}},{"start":{},"end":{}}],"line":16},"1":{"loc":{"start":{"line":17,"column":2},"end":{"line":19,"column":3}},"type":"if","locations":[{"start":{"line":17,"column":2},"end":{"line":19,"column":3}},{"start":{},"end":{}}],"line":17},"2":{"loc":{"start":{"line":24,"column":2},"end":{"line":24,"column":35}},"type":"default-arg","locations":[{"start":{"line":24,"column":17},"end":{"line":24,"column":35}}],"line":24},"3":{"loc":{"start":{"line":39,"column":15},"end":{"line":39,"column":29}},"type":"cond-expr","locations":[{"start":{"line":39,"column":24},"end":{"line":39,"column":25}},{"start":{"line":39,"column":28},"end":{"line":39,"column":29}}],"line":39},"4":{"loc":{"start":{"line":48,"column":4},"end":{"line":48,"column":32}},"type":"binary-expr","locations":[{"start":{"line":48,"column":4},"end":{"line":48,"column":12}},{"start":{"line":48,"column":16},"end":{"line":48,"column":32}}],"line":48},"5":{"loc":{"start":{"line":76,"column":7},"end":{"line":89,"column":7}},"type":"binary-expr","locations":[{"start":{"line":76,"column":7},"end":{"line":76,"column":13}},{"start":{"line":77,"column":8},"end":{"line":88,"column":15}}],"line":76}},"s":{"0":0,"1":0,"2":0,"3":0,"4":0,"5":0,"6":0,"7":0,"8":0,"9":0,"10":0,"11":0,"12":0,"13":0,"14":0,"15":0,"16":0,"17":0,"18":0,"19":0,"20":0,"21":0},"f":{"0":0,"1":0,"2":0,"3":0,"4":0},"b":{"0":[0,0],"1":[0,0],"2":[0],"3":[0,0],"4":[0,0],"5":[0,0]}}
,"/Users/tashakim/win25-Team26/frontend/app/components/fileUpload.tsx": {"path":"/Users/tashakim/win25-Team26/frontend/app/components/fileUpload.tsx","statementMap":{"0":{"start":{"line":27,"column":19},"end":{"line":131,"column":1}},"1":{"start":{"line":37,"column":36},"end":{"line":37,"column":51}},"2":{"start":{"line":38,"column":34},"end":{"line":38,"column":46}},"3":{"start":{"line":39,"column":24},"end":{"line":39,"column":36}},"4":{"start":{"line":41,"column":2},"end":{"line":43,"column":22}},"5":{"start":{"line":42,"column":4},"end":{"line":42,"column":62}},"6":{"start":{"line":42,"column":46},"end":{"line":42,"column":62}},"7":{"start":{"line":45,"column":24},"end":{"line":60,"column":3}},"8":{"start":{"line":46,"column":4},"end":{"line":58,"column":5}},"9":{"start":{"line":47,"column":20},"end":{"line":47,"column":76}},"10":{"start":{"line":48,"column":6},"end":{"line":48,"column":36}},"11":{"start":{"line":49,"column":6},"end":{"line":56,"column":7}},"12":{"start":{"line":50,"column":10},"end":{"line":50,"column":32}},"13":{"start":{"line":52,"column":10},"end":{"line":55,"column":12}},"14":{"start":{"line":57,"column":6},"end":{"line":57,"column":19}},"15":{"start":{"line":59,"column":4},"end":{"line":59,"column":16}},"16":{"start":{"line":62,"column":23},"end":{"line":84,"column":3}},"17":{"start":{"line":63,"column":4},"end":{"line":83,"column":5}},"18":{"start":{"line":64,"column":21},"end":{"line":68,"column":8}},"19":{"start":{"line":70,"column":6},"end":{"line":79,"column":7}},"20":{"start":{"line":71,"column":21},"end":{"line":71,"column":37}},"21":{"start":{"line":72,"column":25},"end":{"line":72,"column":41}},"22":{"start":{"line":73,"column":8},"end":{"line":73,"column":25}},"23":{"start":{"line":75,"column":8},"end":{"line":75,"column":58}},"24":{"start":{"line":76,"column":8},"end":{"line":78,"column":9}},"25":{"start":{"line":77,"column":10},"end":{"line":77,"column":32}},"26":{"start":{"line":81,"column":6},"end":{"line":81,"column":52}},"27":{"start":{"line":82,"column":6},"end":{"line":82,"column":46}},"28":{"start":{"line":86,"column":21},"end":{"line":106,"column":3}},"29":{"start":{"line":87,"column":4},"end":{"line":87,"column":23}},"30":{"start":{"line":88,"column":4},"end":{"line":105,"column":5}},"31":{"start":{"line":89,"column":23},"end":{"line":89,"column":39}},"32":{"start":{"line":90,"column":19},"end":{"line":90,"column":40}},"33":{"start":{"line":92,"column":6},"end":{"line":97,"column":21}},"34":{"start":{"line":99,"column":6},"end":{"line":99,"column":53}},"35":{"start":{"line":101,"column":6},"end":{"line":101,"column":44}},"36":{"start":{"line":102,"column":6},"end":{"line":102,"column":44}},"37":{"start":{"line":104,"column":6},"end":{"line":104,"column":26}},"38":{"start":{"line":108,"column":2},"end":{"line":130,"column":4}},"39":{"start":{"line":133,"column":15},"end":{"line":169,"column":2}}},"fnMap":{"0":{"name":"(anonymous_0)","decl":{"start":{"line":27,"column":19},"end":{"line":27,"column":20}},"loc":{"start":{"line":36,"column":23},"end":{"line":131,"column":1}},"line":36},"1":{"name":"(anonymous_1)","decl":{"start":{"line":41,"column":12},"end":{"line":41,"column":13}},"loc":{"start":{"line":41,"column":18},"end":{"line":43,"column":3}},"line":41},"2":{"name":"(anonymous_2)","decl":{"start":{"line":45,"column":24},"end":{"line":45,"column":25}},"loc":{"start":{"line":45,"column":42},"end":{"line":60,"column":3}},"line":45},"3":{"name":"(anonymous_3)","decl":{"start":{"line":62,"column":23},"end":{"line":62,"column":24}},"loc":{"start":{"line":62,"column":35},"end":{"line":84,"column":3}},"line":62},"4":{"name":"(anonymous_4)","decl":{"start":{"line":86,"column":21},"end":{"line":86,"column":22}},"loc":{"start":{"line":86,"column":44},"end":{"line":106,"column":3}},"line":86}},"branchMap":{"0":{"loc":{"start":{"line":29,"column":2},"end":{"line":29,"column":28}},"type":"default-arg","locations":[{"start":{"line":29,"column":12},"end":{"line":29,"column":28}}],"line":29},"1":{"loc":{"start":{"line":30,"column":2},"end":{"line":30,"column":24}},"type":"default-arg","locations":[{"start":{"line":30,"column":17},"end":{"line":30,"column":24}}],"line":30},"2":{"loc":{"start":{"line":42,"column":4},"end":{"line":42,"column":62}},"type":"if","locations":[{"start":{"line":42,"column":4},"end":{"line":42,"column":62}},{"start":{},"end":{}}],"line":42},"3":{"loc":{"start":{"line":42,"column":8},"end":{"line":42,"column":44}},"type":"binary-expr","locations":[{"start":{"line":42,"column":8},"end":{"line":42,"column":21}},{"start":{"line":42,"column":25},"end":{"line":42,"column":44}}],"line":42},"4":{"loc":{"start":{"line":46,"column":4},"end":{"line":58,"column":5}},"type":"if","locations":[{"start":{"line":46,"column":4},"end":{"line":58,"column":5}},{"start":{},"end":{}}],"line":46},"5":{"loc":{"start":{"line":46,"column":8},"end":{"line":46,"column":30}},"type":"binary-expr","locations":[{"start":{"line":46,"column":8},"end":{"line":46,"column":12}},{"start":{"line":46,"column":16},"end":{"line":46,"column":30}}],"line":46},"6":{"loc":{"start":{"line":49,"column":6},"end":{"line":56,"column":7}},"type":"if","locations":[{"start":{"line":49,"column":6},"end":{"line":56,"column":7}},{"start":{"line":51,"column":13},"end":{"line":56,"column":7}}],"line":49},"7":{"loc":{"start":{"line":70,"column":6},"end":{"line":79,"column":7}},"type":"if","locations":[{"start":{"line":70,"column":6},"end":{"line":79,"column":7}},{"start":{},"end":{}}],"line":70},"8":{"loc":{"start":{"line":72,"column":25},"end":{"line":72,"column":41}},"type":"binary-expr","locations":[{"start":{"line":72,"column":25},"end":{"line":72,"column":35}},{"start":{"line":72,"column":39},"end":{"line":72,"column":41}}],"line":72},"9":{"loc":{"start":{"line":76,"column":8},"end":{"line":78,"column":9}},"type":"if","locations":[{"start":{"line":76,"column":8},"end":{"line":78,"column":9}},{"start":{},"end":{}}],"line":76},"10":{"loc":{"start":{"line":76,"column":12},"end":{"line":76,"column":50}},"type":"binary-expr","locations":[{"start":{"line":76,"column":12},"end":{"line":76,"column":24}},{"start":{"line":76,"column":28},"end":{"line":76,"column":50}}],"line":76},"11":{"loc":{"start":{"line":99,"column":6},"end":{"line":99,"column":52}},"type":"binary-expr","locations":[{"start":{"line":99,"column":6},"end":{"line":99,"column":22}},{"start":{"line":99,"column":26},"end":{"line":99,"column":52}}],"line":99},"12":{"loc":{"start":{"line":111,"column":7},"end":{"line":111,"column":66}},"type":"binary-expr","locations":[{"start":{"line":111,"column":7},"end":{"line":111,"column":15}},{"start":{"line":111,"column":19},"end":{"line":111,"column":66}}],"line":111},"13":{"loc":{"start":{"line":115,"column":36},"end":{"line":115,"column":70}},"type":"binary-expr","locations":[{"start":{"line":115,"column":36},"end":{"line":115,"column":45}},{"start":{"line":115,"column":49},"end":{"line":115,"column":70}}],"line":115},"14":{"loc":{"start":{"line":119,"column":11},"end":{"line":119,"column":53}},"type":"cond-expr","locations":[{"start":{"line":119,"column":23},"end":{"line":119,"column":37}},{"start":{"line":119,"column":40},"end":{"line":119,"column":53}}],"line":119},"15":{"loc":{"start":{"line":123,"column":7},"end":{"line":128,"column":7}},"type":"binary-expr","locations":[{"start":{"line":123,"column":7},"end":{"line":123,"column":16}},{"start":{"line":124,"column":8},"end":{"line":127,"column":15}}],"line":123}},"s":{"0":0,"1":0,"2":0,"3":0,"4":0,"5":0,"6":0,"7":0,"8":0,"9":0,"10":0,"11":0,"12":0,"13":0,"14":0,"15":0,"16":0,"17":0,"18":0,"19":0,"20":0,"21":0,"22":0,"23":0,"24":0,"25":0,"26":0,"27":0,"28":0,"29":0,"30":0,"31":0,"32":0,"33":0,"34":0,"35":0,"36":0,"37":0,"38":0,"39":0},"f":{"0":0,"1":0,"2":0,"3":0,"4":0},"b":{"0":[0],"1":[0],"2":[0,0],"3":[0,0],"4":[0,0],"5":[0,0],"6":[0,0],"7":[0,0],"8":[0,0],"9":[0,0],"10":[0,0],"11":[0,0],"12":[0,0],"13":[0,0],"14":[0,0],"15":[0,0]}}
,"/Users/tashakim/win25-Team26/frontend/app/components/simulationListEntry.tsx": {"path":"/Users/tashakim/win25-Team26/frontend/app/components/simulationListEntry.tsx","statementMap":{"0":{"start":{"line":10,"column":35},"end":{"line":28,"column":1}},"1":{"start":{"line":11,"column":4},"end":{"line":27,"column":6}}},"fnMap":{"0":{"name":"(anonymous_0)","decl":{"start":{"line":10,"column":35},"end":{"line":10,"column":36}},"loc":{"start":{"line":10,"column":104},"end":{"line":28,"column":1}},"line":10},"1":{"name":"(anonymous_1)","decl":{"start":{"line":12,"column":59},"end":{"line":12,"column":60}},"loc":{"start":{"line":12,"column":65},"end":{"line":14,"column":9}},"line":12}},"branchMap":{},"s":{"0":0,"1":0},"f":{"0":0,"1":0},"b":{}}
,"/Users/tashakim/win25-Team26/frontend/app/styles/DefaultStyles.tsx": {"path":"/Users/tashakim/win25-Team26/frontend/app/styles/DefaultStyles.tsx","statementMap":{"0":{"start":{"line":3,"column":29},"end":{"line":20,"column":2}}},"fnMap":{},"branchMap":{},"s":{"0":0},"f":{},"b":{}}
,"/Users/tashakim/win25-Team26/frontend/app/styles/styles.tsx": {"path":"/Users/tashakim/win25-Team26/frontend/app/styles/styles.tsx","statementMap":{"0":{"start":{"line":3,"column":22},"end":{"line":141,"column":2}}},"fnMap":{},"branchMap":{},"s":{"0":0},"f":{},"b":{}}
,"/Users/tashakim/win25-Team26/frontend/app/styles/textStyles.tsx": {"path":"/Users/tashakim/win25-Team26/frontend/app/styles/textStyles.tsx","statementMap":{"0":{"start":{"line":3,"column":19},"end":{"line":36,"column":2}}},"fnMap":{},"branchMap":{},"s":{"0":0},"f":{},"b":{}}
,"/Users/tashakim/win25-Team26/frontend/firebase/auth.ts": {"path":"/Users/tashakim/win25-Team26/frontend/firebase/auth.ts","statementMap":{"0":{"start":{"line":8,"column":17},"end":{"line":8,"column":46}},"1":{"start":{"line":9,"column":18},"end":{"line":9,"column":27}},"2":{"start":{"line":12,"column":8},"end":{"line":14,"column":9}},"3":{"start":{"line":13,"column":12},"end":{"line":13,"column":24}},"4":{"start":{"line":15,"column":8},"end":{"line":15,"column":41}},"5":{"start":{"line":19,"column":8},"end":{"line":19,"column":42}},"6":{"start":{"line":23,"column":8},"end":{"line":23,"column":49}},"7":{"start":{"line":27,"column":8},"end":{"line":27,"column":68}},"8":{"start":{"line":31,"column":8},"end":{"line":47,"column":11}},"9":{"start":{"line":34,"column":25},"end":{"line":34,"column":44}},"10":{"start":{"line":35,"column":33},"end":{"line":40,"column":13}},"11":{"start":{"line":41,"column":12},"end":{"line":41,"column":51}},"12":{"start":{"line":42,"column":12},"end":{"line":42,"column":32}},"13":{"start":{"line":46,"column":12},"end":{"line":46,"column":32}},"14":{"start":{"line":51,"column":8},"end":{"line":60,"column":11}},"15":{"start":{"line":54,"column":29},"end":{"line":54,"column":48}},"16":{"start":{"line":55,"column":25},"end":{"line":55,"column":90}},"17":{"start":{"line":56,"column":12},"end":{"line":56,"column":24}},"18":{"start":{"line":59,"column":12},"end":{"line":59,"column":32}}},"fnMap":{"0":{"name":"(anonymous_0)","decl":{"start":{"line":11,"column":4},"end":{"line":11,"column":5}},"loc":{"start":{"line":11,"column":46},"end":{"line":16,"column":5}},"line":11},"1":{"name":"(anonymous_1)","decl":{"start":{"line":18,"column":4},"end":{"line":18,"column":5}},"loc":{"start":{"line":18,"column":27},"end":{"line":20,"column":5}},"line":18},"2":{"name":"(anonymous_2)","decl":{"start":{"line":22,"column":4},"end":{"line":22,"column":5}},"loc":{"start":{"line":22,"column":47},"end":{"line":24,"column":5}},"line":22},"3":{"name":"(anonymous_3)","decl":{"start":{"line":26,"column":4},"end":{"line":26,"column":5}},"loc":{"start":{"line":26,"column":46},"end":{"line":28,"column":5}},"line":26},"4":{"name":"(anonymous_4)","decl":{"start":{"line":30,"column":4},"end":{"line":30,"column":5}},"loc":{"start":{"line":30,"column":76},"end":{"line":48,"column":5}},"line":30},"5":{"name":"(anonymous_5)","decl":{"start":{"line":32,"column":14},"end":{"line":32,"column":15}},"loc":{"start":{"line":32,"column":40},"end":{"line":44,"column":9}},"line":32},"6":{"name":"(anonymous_6)","decl":{"start":{"line":45,"column":15},"end":{"line":45,"column":16}},"loc":{"start":{"line":45,"column":26},"end":{"line":47,"column":9}},"line":45},"7":{"name":"(anonymous_7)","decl":{"start":{"line":50,"column":4},"end":{"line":50,"column":5}},"loc":{"start":{"line":50,"column":64},"end":{"line":61,"column":5}},"line":50},"8":{"name":"(anonymous_8)","decl":{"start":{"line":52,"column":14},"end":{"line":52,"column":15}},"loc":{"start":{"line":52,"column":40},"end":{"line":57,"column":9}},"line":52},"9":{"name":"(anonymous_9)","decl":{"start":{"line":58,"column":15},"end":{"line":58,"column":16}},"loc":{"start":{"line":58,"column":26},"end":{"line":60,"column":9}},"line":58}},"branchMap":{"0":{"loc":{"start":{"line":12,"column":8},"end":{"line":14,"column":9}},"type":"if","locations":[{"start":{"line":12,"column":8},"end":{"line":14,"column":9}},{"start":{},"end":{}}],"line":12}},"s":{"0":0,"1":0,"2":0,"3":0,"4":0,"5":0,"6":0,"7":0,"8":0,"9":0,"10":0,"11":0,"12":0,"13":0,"14":0,"15":0,"16":0,"17":0,"18":0},"f":{"0":0,"1":0,"2":0,"3":0,"4":0,"5":0,"6":0,"7":0,"8":0,"9":0},"b":{"0":[0,0]}}
,"/Users/tashakim/win25-Team26/frontend/firebase/config.ts": {"path":"/Users/tashakim/win25-Team26/frontend/firebase/config.ts","statementMap":{"0":{"start":{"line":1,"column":30},"end":{"line":8,"column":3}}},"fnMap":{},"branchMap":{},"s":{"0":0},"f":{},"b":{}}
,"/Users/tashakim/win25-Team26/frontend/firebase/models.ts": {"path":"/Users/tashakim/win25-Team26/frontend/firebase/models.ts","statementMap":{"0":{"start":{"line":32,"column":49},"end":{"line":35,"column":1}},"1":{"start":{"line":52,"column":8},"end":{"line":63,"column":9}},"2":{"start":{"line":54,"column":16},"end":{"line":56,"column":17}},"3":{"start":{"line":55,"column":20},"end":{"line":55,"column":61}},"4":{"start":{"line":55,"column":49},"end":{"line":55,"column":61}},"5":{"start":{"line":58,"column":16},"end":{"line":60,"column":17}},"6":{"start":{"line":59,"column":20},"end":{"line":59,"column":61}},"7":{"start":{"line":59,"column":49},"end":{"line":59,"column":61}},"8":{"start":{"line":62,"column":16},"end":{"line":62,"column":29}}},"fnMap":{"0":{"name":"checkFilename","decl":{"start":{"line":51,"column":20},"end":{"line":51,"column":33}},"loc":{"start":{"line":51,"column":83},"end":{"line":64,"column":5}},"line":51}},"branchMap":{"0":{"loc":{"start":{"line":52,"column":8},"end":{"line":63,"column":9}},"type":"switch","locations":[{"start":{"line":53,"column":12},"end":{"line":56,"column":17}},{"start":{"line":57,"column":12},"end":{"line":60,"column":17}},{"start":{"line":61,"column":12},"end":{"line":62,"column":29}}],"line":52},"1":{"loc":{"start":{"line":55,"column":20},"end":{"line":55,"column":61}},"type":"if","locations":[{"start":{"line":55,"column":20},"end":{"line":55,"column":61}},{"start":{},"end":{}}],"line":55},"2":{"loc":{"start":{"line":59,"column":20},"end":{"line":59,"column":61}},"type":"if","locations":[{"start":{"line":59,"column":20},"end":{"line":59,"column":61}},{"start":{},"end":{}}],"line":59}},"s":{"0":0,"1":0,"2":0,"3":0,"4":0,"5":0,"6":0,"7":0,"8":0},"f":{"0":0},"b":{"0":[0,0,0],"1":[0,0],"2":[0,0]}}
,"/Users/tashakim/win25-Team26/frontend/firebase/storage.ts": {"path":"/Users/tashakim/win25-Team26/frontend/firebase/storage.ts","statementMap":{"0":{"start":{"line":15,"column":16},"end":{"line":15,"column":45}},"1":{"start":{"line":18,"column":20},"end":{"line":18,"column":35}},"2":{"start":{"line":19,"column":4},"end":{"line":19,"column":19}},"3":{"start":{"line":23,"column":16},"end":{"line":23,"column":45}},"4":{"start":{"line":26,"column":22},"end":{"line":26,"column":39}},"5":{"start":{"line":27,"column":4},"end":{"line":27,"column":21}},"6":{"start":{"line":31,"column":20},"end":{"line":31,"column":34}},"7":{"start":{"line":32,"column":23},"end":{"line":32,"column":94}},"8":{"start":{"line":34,"column":4},"end":{"line":37,"column":7}},"9":{"start":{"line":35,"column":8},"end":{"line":35,"column":48}},"10":{"start":{"line":36,"column":8},"end":{"line":36,"column":67}},"11":{"start":{"line":36,"column":35},"end":{"line":36,"column":67}},"12":{"start":{"line":41,"column":20},"end":{"line":41,"column":34}},"13":{"start":{"line":42,"column":23},"end":{"line":42,"column":127}},"14":{"start":{"line":44,"column":4},"end":{"line":47,"column":7}},"15":{"start":{"line":45,"column":8},"end":{"line":45,"column":48}},"16":{"start":{"line":46,"column":8},"end":{"line":46,"column":67}},"17":{"start":{"line":46,"column":35},"end":{"line":46,"column":67}},"18":{"start":{"line":51,"column":4},"end":{"line":65,"column":5}},"19":{"start":{"line":52,"column":15},"end":{"line":52,"column":31}},"20":{"start":{"line":53,"column":6},"end":{"line":59,"column":9}},"21":{"start":{"line":60,"column":6},"end":{"line":60,"column":18}},"22":{"start":{"line":63,"column":6},"end":{"line":63,"column":50}},"23":{"start":{"line":64,"column":6},"end":{"line":64,"column":19}},"24":{"start":{"line":69,"column":13},"end":{"line":69,"column":29}},"25":{"start":{"line":70,"column":37},"end":{"line":70,"column":39}},"26":{"start":{"line":71,"column":14},"end":{"line":71,"column":80}},"27":{"start":{"line":72,"column":26},"end":{"line":72,"column":42}},"28":{"start":{"line":73,"column":4},"end":{"line":75,"column":7}},"29":{"start":{"line":74,"column":6},"end":{"line":74,"column":50}},"30":{"start":{"line":76,"column":4},"end":{"line":76,"column":16}},"31":{"start":{"line":80,"column":4},"end":{"line":89,"column":5}},"32":{"start":{"line":81,"column":15},"end":{"line":81,"column":31}},"33":{"start":{"line":82,"column":6},"end":{"line":83,"column":52}},"34":{"start":{"line":82,"column":19},"end":{"line":82,"column":69}},"35":{"start":{"line":83,"column":11},"end":{"line":83,"column":52}},"36":{"start":{"line":84,"column":6},"end":{"line":84,"column":18}},"37":{"start":{"line":87,"column":6},"end":{"line":87,"column":50}},"38":{"start":{"line":88,"column":6},"end":{"line":88,"column":19}},"39":{"start":{"line":93,"column":6},"end":{"line":95,"column":23}},"40":{"start":{"line":99,"column":4},"end":{"line":104,"column":5}},"41":{"start":{"line":100,"column":15},"end":{"line":100,"column":31}},"42":{"start":{"line":101,"column":6},"end":{"line":101,"column":51}},"43":{"start":{"line":103,"column":6},"end":{"line":103,"column":51}},"44":{"start":{"line":108,"column":15},"end":{"line":108,"column":31}},"45":{"start":{"line":109,"column":15},"end":{"line":109,"column":19}},"46":{"start":{"line":110,"column":33},"end":{"line":117,"column":7}},"47":{"start":{"line":118,"column":6},"end":{"line":118,"column":54}},"48":{"start":{"line":119,"column":6},"end":{"line":119,"column":17}},"49":{"start":{"line":123,"column":13},"end":{"line":123,"column":29}},"50":{"start":{"line":124,"column":22},"end":{"line":124,"column":24}},"51":{"start":{"line":126,"column":4},"end":{"line":127,"column":40}},"52":{"start":{"line":126,"column":17},"end":{"line":126,"column":105}},"53":{"start":{"line":127,"column":9},"end":{"line":127,"column":40}},"54":{"start":{"line":128,"column":26},"end":{"line":128,"column":42}},"55":{"start":{"line":129,"column":4},"end":{"line":131,"column":7}},"56":{"start":{"line":130,"column":6},"end":{"line":130,"column":50}},"57":{"start":{"line":132,"column":4},"end":{"line":132,"column":16}}},"fnMap":{"0":{"name":"getFBStorage","decl":{"start":{"line":13,"column":18},"end":{"line":13,"column":30}},"loc":{"start":{"line":13,"column":33},"end":{"line":20,"column":3}},"line":13},"1":{"name":"getFBFirestore","decl":{"start":{"line":22,"column":18},"end":{"line":22,"column":32}},"loc":{"start":{"line":22,"column":35},"end":{"line":28,"column":3}},"line":22},"2":{"name":"uploadFile","decl":{"start":{"line":30,"column":18},"end":{"line":30,"column":28}},"loc":{"start":{"line":30,"column":69},"end":{"line":38,"column":3}},"line":30},"3":{"name":"(anonymous_3)","decl":{"start":{"line":34,"column":44},"end":{"line":34,"column":45}},"loc":{"start":{"line":34,"column":58},"end":{"line":37,"column":5}},"line":34},"4":{"name":"uploadSimulationFile","decl":{"start":{"line":40,"column":24},"end":{"line":40,"column":44}},"loc":{"start":{"line":40,"column":85},"end":{"line":48,"column":3}},"line":40},"5":{"name":"(anonymous_5)","decl":{"start":{"line":44,"column":50},"end":{"line":44,"column":51}},"loc":{"start":{"line":44,"column":64},"end":{"line":47,"column":5}},"line":44},"6":{"name":"uploadSimulationMetaData","decl":{"start":{"line":50,"column":24},"end":{"line":50,"column":48}},"loc":{"start":{"line":50,"column":92},"end":{"line":66,"column":3}},"line":50},"7":{"name":"getAllSimulationsMetaData","decl":{"start":{"line":68,"column":24},"end":{"line":68,"column":49}},"loc":{"start":{"line":68,"column":72},"end":{"line":77,"column":3}},"line":68},"8":{"name":"(anonymous_8)","decl":{"start":{"line":73,"column":26},"end":{"line":73,"column":27}},"loc":{"start":{"line":73,"column":35},"end":{"line":75,"column":5}},"line":73},"9":{"name":"firestoreDocUpload","decl":{"start":{"line":79,"column":24},"end":{"line":79,"column":42}},"loc":{"start":{"line":79,"column":105},"end":{"line":90,"column":3}},"line":79},"10":{"name":"addMembersToOrg","decl":{"start":{"line":92,"column":24},"end":{"line":92,"column":39}},"loc":{"start":{"line":92,"column":80},"end":{"line":96,"column":3}},"line":92},"11":{"name":"getFSDoc","decl":{"start":{"line":98,"column":24},"end":{"line":98,"column":32}},"loc":{"start":{"line":98,"column":61},"end":{"line":105,"column":3}},"line":98},"12":{"name":"createOrganization","decl":{"start":{"line":107,"column":24},"end":{"line":107,"column":42}},"loc":{"start":{"line":107,"column":91},"end":{"line":120,"column":3}},"line":107},"13":{"name":"getCollection","decl":{"start":{"line":122,"column":24},"end":{"line":122,"column":37}},"loc":{"start":{"line":122,"column":131},"end":{"line":133,"column":3}},"line":122},"14":{"name":"(anonymous_14)","decl":{"start":{"line":129,"column":26},"end":{"line":129,"column":27}},"loc":{"start":{"line":129,"column":35},"end":{"line":131,"column":5}},"line":129}},"branchMap":{"0":{"loc":{"start":{"line":36,"column":8},"end":{"line":36,"column":67}},"type":"if","locations":[{"start":{"line":36,"column":8},"end":{"line":36,"column":67}},{"start":{},"end":{}}],"line":36},"1":{"loc":{"start":{"line":46,"column":8},"end":{"line":46,"column":67}},"type":"if","locations":[{"start":{"line":46,"column":8},"end":{"line":46,"column":67}},{"start":{},"end":{}}],"line":46},"2":{"loc":{"start":{"line":82,"column":6},"end":{"line":83,"column":52}},"type":"if","locations":[{"start":{"line":82,"column":6},"end":{"line":83,"column":52}},{"start":{"line":83,"column":11},"end":{"line":83,"column":52}}],"line":82},"3":{"loc":{"start":{"line":126,"column":4},"end":{"line":127,"column":40}},"type":"if","locations":[{"start":{"line":126,"column":4},"end":{"line":127,"column":40}},{"start":{"line":127,"column":9},"end":{"line":127,"column":40}}],"line":126}},"s":{"0":0,"1":0,"2":0,"3":0,"4":0,"5":0,"6":0,"7":0,"8":0,"9":0,"10":0,"11":0,"12":0,"13":0,"14":0,"15":0,"16":0,"17":0,"18":0,"19":0,"20":0,"21":0,"22":0,"23":0,"24":0,"25":0,"26":0,"27":0,"28":0,"29":0,"30":0,"31":0,"32":0,"33":0,"34":0,"35":0,"36":0,"37":0,"38":0,"39":0,"40":0,"41":0,"42":0,"43":0,"44":0,"45":0,"46":0,"47":0,"48":0,"49":0,"50":0,"51":0,"52":0,"53":0,"54":0,"55":0,"56":0,"57":0},"f":{"0":0,"1":0,"2":0,"3":0,"4":0,"5":0,"6":0,"7":0,"8":0,"9":0,"10":0,"11":0,"12":0,"13":0,"14":0},"b":{"0":[0,0],"1":[0,0],"2":[0,0],"3":[0,0]}}
}
